2026-04-25 15:32:47-get_db-开始运行
2026-04-25 15:32:47-get_db-结束运行
2026-04-25 15:32:51-put_db-开始运行
2026-04-25 15:32:51-put_db-结束运行
2026-04-25 15:32:51-get_db-开始运行
2026-04-25 15:32:51-get_db-结束运行
2026-04-25 15:32:56-login-开始运行
2026-04-25 15:32:56-login-结束运行
2026-04-25 15:32:56-put_db-开始运行
2026-04-25 15:32:56-put_db-结束运行
2026-04-25 15:32:56-get_db-开始运行
2026-04-25 15:32:56-get_db-结束运行
2026-04-25 15:32:58-play_game-开始运行
2026-04-25 15:32:58-play_game-结束运行
2026-04-25 15:32:58-put_db-开始运行
2026-04-25 15:32:58-put_db-结束运行
2026-04-25 15:32:58-get_db-开始运行
2026-04-25 15:32:58-get_db-结束运行
2026-04-25 15:41:12-put_db-开始运行
2026-04-25 15:41:12-put_db-结束运行
2026-04-25 15:41:12-get_db-开始运行
2026-04-25 15:41:12-get_db-结束运行
2026-04-25 15:41:17-get_db-开始运行
2026-04-25 15:41:57-get_db-开始运行
2026-04-25 15:43:53-get_db-开始运行
2026-04-25 15:45:32-get_db-开始运行
2026-04-25 15:45:32-get_db-结束运行
2026-04-25 15:46:21-put_db-开始运行
2026-04-25 15:46:21-put_db-结束运行
2026-04-25 15:46:21-get_db-开始运行
2026-04-25 15:46:21-get_db-结束运行
2026-04-25 15:46:31-get_db-开始运行
2026-04-25 15:46:31-get_db-结束运行
2026-04-25 15:47:24-register-开始运行
2026-04-25 15:47:24-register-结束运行
2026-04-25 15:47:24-put_db-开始运行
2026-04-25 15:47:24-put_db-结束运行
2026-04-25 15:47:24-get_db-开始运行
2026-04-25 15:47:24-get_db-结束运行
2026-04-25 15:47:37-put_db-开始运行
2026-04-25 15:47:37-put_db-结束运行
2026-04-25 15:47:37-get_db-开始运行
2026-04-25 15:47:37-get_db-结束运行
2026-04-25 15:47:40-put_db-开始运行
2026-04-25 15:47:40-put_db-结束运行
2026-04-25 15:47:40-get_db-开始运行
2026-04-25 15:47:40-get_db-结束运行
2026-04-25 15:48:04-register-开始运行
2026-04-25 15:48:04-register-结束运行
2026-04-25 15:48:04-put_db-开始运行
2026-04-25 15:48:04-put_db-结束运行
2026-04-25 15:48:04-get_db-开始运行
2026-04-25 15:48:04-get_db-结束运行
2026-04-25 15:48:24-put_db-开始运行
2026-04-25 15:48:24-put_db-结束运行
2026-04-25 15:48:24-get_db-开始运行
2026-04-25 15:48:24-get_db-结束运行
2026-04-25 15:49:42-put_db-开始运行
2026-04-25 15:49:42-put_db-结束运行
2026-04-25 15:49:42-get_db-开始运行
2026-04-25 15:49:42-get_db-结束运行
2026-04-25 15:49:46-get_db-开始运行
2026-04-25 15:49:46-get_db-结束运行
2026-04-25 15:49:59-register-开始运行
2026-04-25 15:49:59-register-结束运行
2026-04-25 15:49:59-put_db-开始运行
2026-04-25 15:49:59-put_db-结束运行
2026-04-25 15:49:59-get_db-开始运行
2026-04-25 15:49:59-get_db-结束运行
2026-04-25 15:50:03-login-开始运行
2026-04-25 15:50:03-login-结束运行
2026-04-25 15:50:03-put_db-开始运行
2026-04-25 15:50:03-put_db-结束运行
2026-04-25 15:50:03-get_db-开始运行
2026-04-25 15:50:03-get_db-结束运行
2026-04-25 15:50:09-login-开始运行
2026-04-25 15:50:09-login-结束运行
2026-04-25 15:50:09-put_db-开始运行
2026-04-25 15:50:09-put_db-结束运行
2026-04-25 15:50:09-get_db-开始运行
2026-04-25 15:50:09-get_db-结束运行
2026-04-25 15:50:16-login-开始运行
2026-04-25 15:50:16-login-结束运行
2026-04-25 15:50:16-put_db-开始运行
2026-04-25 15:50:16-put_db-结束运行
2026-04-25 15:50:16-get_db-开始运行
2026-04-25 15:50:16-get_db-结束运行
2026-04-25 15:50:19-play_game-开始运行
2026-04-25 15:50:19-play_game-结束运行
2026-04-25 15:50:19-put_db-开始运行
2026-04-25 15:50:19-put_db-结束运行
2026-04-25 15:50:19-get_db-开始运行
2026-04-25 15:50:19-get_db-结束运行
